2024-07-08T04:13:12.771Z error: Error creating user: [object SequelizeInstance:Userinfo]
2024-07-08T04:13:17.299Z error: Error creating user: [object SequelizeInstance:Userinfo]
024-07-10T03:42:01.282Z error: 500 - Unexpected field - /api/user/userinfo/updatedocs/Chanzu-20240620041615213 - PUT - ::1
2024-07-10T03:42:56.609Z error: 500 - Unexpected field - /api/user/userinfo/updatedocs/Chanzu-20240620041615213 - PUT - ::1
2024-07-10T03:43:38.037Z error: 500 - Unexpected field - /api/user/userinfo/updatedocs/Chanzu-20240620041615213 - PUT - ::1
2024-07-10T03:45:18.141Z error: 500 - Unexpected field - /api/user/userinfo/updatedocs/Chanzu-20240620041615213 - PUT - ::1
2024-07-10T03:45:45.182Z error: 500 - Unexpected field - /api/user/userinfo/updatedocs/Chanzu-20240620041615213 - PUT - ::1
2024-07-08T04:27:08.597Z error: Error : Error: Failed to launch the browser process!
/root/.cache/puppeteer/chrome/linux-125.0.6422.78/chrome-linux64/chrome: error while loading shared libraries: libgbm.so.1: cannot open shared object file: No such file or directory


TROUBLESHOOTING: https://pptr.dev/troubleshooting

2024-07-08T04:27:08.598Z error: Error message: Failed to launch the browser process!
/root/.cache/puppeteer/chrome/linux-125.0.6422.78/chrome-linux64/chrome: error while loading shared libraries: libgbm.so.1: cannot open shared object file: No such file or directory


TROUBLESHOOTING: https://pptr.dev/troubleshooting

2024-07-08T04:34:23.858Z error: Error : Error: Failed to launch the browser process!
/root/.cache/puppeteer/chrome/linux-125.0.6422.78/chrome-linux64/chrome: error while loading shared libraries: libasound.so.2: cannot open shared object file: No such file or directory


TROUBLESHOOTING: https://pptr.dev/troubleshooting

2024-07-08T04:34:23.859Z error: Error message: Failed to launch the browser process!
/root/.cache/puppeteer/chrome/linux-125.0.6422.78/chrome-linux64/chrome: error while loading shared libraries: libasound.so.2: cannot open shared object file: No such file or directory


TROUBLESHOOTING: https://pptr.dev/troubleshooting

2024-07-08T04:34:29.888Z error: Error : Error: Failed to launch the browser process!
/root/.cache/puppeteer/chrome/linux-125.0.6422.78/chrome-linux64/chrome: error while loading shared libraries: libasound.so.2: cannot open shared object file: No such file or directory


TROUBLESHOOTING: https://pptr.dev/troubleshooting

2024-07-08T04:34:29.888Z error: Error message: Failed to launch the browser process!
/root/.cache/puppeteer/chrome/linux-125.0.6422.78/chrome-linux64/chrome: error while loading shared libraries: libasound.so.2: cannot open shared object file: No such file or directory


TROUBLESHOOTING: https://pptr.dev/troubleshooting

2024-07-15T04:10:54.372Z error: 500 - Unexpected field - /api/user/video/update - PUT - ::1
2024-07-15T04:11:17.867Z error: 500 - Unexpected field - /api/user/video/update - PUT - ::1
2024-07-15T04:11:32.553Z error: 500 - Unexpected field - /api/user/manualbook/update - PUT - ::1
2024-07-15T04:13:34.899Z error: 500 - Unexpected field - /api/user/manualbook/update - PUT - ::1
2024-07-15T04:13:57.766Z error: 500 - Unexpected field - /api/user/manualbook/update - PUT - ::1
2024-07-15T04:14:11.033Z error: 500 - Unexpected field - /api/user/manualbook/update - PUT - ::1
